        -:    0:Source:C:/Users/user/OneDrive/Desktop/F.O.P/360Soccer project/360SCORER.V2/main.cpp
        -:    0:Graph:C:\Users\user\OneDrive\Desktop\F.O.P\360Soccer project\360SCORER.V2\cmake-build-debug-coverage\CMakeFiles\360SCORER_V2.dir\main.cpp.gcno
        -:    0:Data:C:\Users\user\OneDrive\Desktop\F.O.P\360Soccer project\360SCORER.V2\cmake-build-debug-coverage\CMakeFiles\360SCORER_V2.dir\main.cpp.gcda
        -:    0:Runs:1
        -:    1:#include "360SCORER.V2.h"
        -:    2:
function main called 1 returned 0% blocks executed 67%
        1:    3:int main() {
        1:    4:    welcomeMSG();
        1:    4-block  0
call    0 returned 0
    #####:    5:    return 0;
        -:    6:}
