        -:    0:Source:C:/Users/user/OneDrive/Desktop/F.O.P/360Soccer project/360SCORER.V2/360SCORER.V2.h
        -:    0:Graph:C:\Users\user\OneDrive\Desktop\F.O.P\360Soccer project\360SCORER.V2\cmake-build-debug-coverage\CMakeFiles\360SCORER_V2.dir\main.cpp.gcno
        -:    0:Data:C:\Users\user\OneDrive\Desktop\F.O.P\360Soccer project\360SCORER.V2\cmake-build-debug-coverage\CMakeFiles\360SCORER_V2.dir\main.cpp.gcda
        -:    0:Runs:1
        -:    1:/*
        -:    2: * This Program founded and developed by:
        -:    3: * Abdullah Alahmad
        -:    4: * Khalid Alyami
        -:    5: * Adam Almomatan
        -:    6: */
        -:    7:#ifndef INC_360SOCCER_360SOCCER_FUNCTIONS_H
        -:    8:#define INC_360SOCCER_360SOCCER_FUNCTIONS_H
        -:    9:#include <iostream>
        -:   10:#include <iomanip>
        -:   11:#include <string>
        -:   12:#include <windows.h>
        -:   13:#include <fstream>
        -:   14:using namespace std;
        -:   15:
        -:   16://All functions needed to generate 360Soccer program//
        -:   17:/*****************FUNCTIONS DECLARATION****************|*/
        -:   18:void rate();
        -:   19:void PL_CL(); // SECOND PAGE
        -:   20:void Club_Table(); // Third PAGE .1
        -:   21:void SearchByName(); // Clubs Search
        -:   22:void SCORER_ASSIST(); // Third PAGE .2
        -:   23:void HIS_CUR_A(); // Fourth PAGE .1
        -:   24:void HIS_CUR_S(); // Fourth PAGE .1
        -:   25:void C_SCORERS(); // Fifth PAGE .1
        -:   26:void HIS_SCORERS(); // Fifth PAGE .2
        -:   27:void HIS_SEARCH(); // Historical scorer search
        -:   28:void ReturnF2(string); // Historical scorer Return Function
        -:   29:void CS_SEARCH(); // Current Scorer search
        -:   30:void ReturnF1(string); // Current scorer Return Function
        -:   31:void HIS_ASSIST(); // Sixth PAGE .1
        -:   32:void HIS_ASSIST_SEARCH(); // historical assist search
        -:   33:void ReturnF3(string); // Historical assist Return Function
        -:   34:void CUR_ASSIST(); // Sixth PAGE .2
        -:   35:void CUR_ASSIST_SEARCH();
        -:   36:void ReturnF4(string);
        -:   37:int Terminate_Program(int);
        -:   38:/*****************CLASSES DECLARATION*****************|*/
        -:   39:class Clubs_Table // Public class to organize clubs choice table
        -:   40:{
        -:   41:public:
        -:   42:    string club;
        -:   43:    int number;
function _ZN11Clubs_TableC1ENSt7__cxx1112basic_stringIcSt11char_traitsIcESaIcEEEi called 0 returned 0% blocks executed 0%
    #####:   44:    Clubs_Table(string clubName, int oPnum)
    #####:   45:    {
    %%%%%:   45-block  0
call    0 never executed
    #####:   46:        club = std::move(clubName);
call    0 never executed
call    1 never executed
    #####:   47:        number = oPnum;
    #####:   48:    }
        -:   49:};
        -:   50:
        -:   51:class HS {
        -:   52:public:
        -:   53:    string SC_NAME;
        -:   54:    int SC_NUMBER;
        -:   55:
function _ZN2HSC1ENSt7__cxx1112basic_stringIcSt11char_traitsIcESaIcEEEi called 0 returned 0% blocks executed 0%
    #####:   56:    HS(string SC_NA, int SC_NU)
    #####:   57:    {
    %%%%%:   57-block  0
call    0 never executed
    #####:   58:        SC_NAME = std::move(SC_NA);
call    0 never executed
call    1 never executed
    #####:   59:        SC_NUMBER = SC_NU;
    #####:   60:    }
        -:   61:}; // Public class to organize historical scorers choice table
        -:   62:/********************COLOR FUNCTION********************|*/
function _Z3AVTv called 1 returned 100% blocks executed 100%
        1:   63:void AVT() //font color function
        -:   64:{
        1:   65:    HANDLE handleOut = GetStdHandle(STD_OUTPUT_HANDLE);
        1:   65-block  0
call    0 returned 1
branch  1 taken 1 (fallthrough)
branch  2 taken 0 (throw)
        -:   66:    DWORD consoleMode;
        1:   67:    GetConsoleMode(handleOut, &consoleMode);
        1:   67-block  0
call    0 returned 1
branch  1 taken 1 (fallthrough)
branch  2 taken 0 (throw)
        1:   68:    consoleMode |= ENABLE_VIRTUAL_TERMINAL_PROCESSING;
        1:   69:    consoleMode |= DISABLE_NEWLINE_AUTO_RETURN;
        1:   70:    SetConsoleMode(handleOut, consoleMode);
        1:   70-block  0
call    0 returned 1
branch  1 taken 1 (fallthrough)
branch  2 taken 0 (throw)
        1:   71:}
        1:   71-block  0
        -:   72:enum COLORS { //I add color for Program's design
        -:   73:    NC=-1,
        -:   74:    BLACK,
        -:   75:    RED,
        -:   76:    GREEN,
        -:   77:    YELLOW,
        -:   78:    BLUE,
        -:   79:    MAGENTA,
        -:   80:    CYAN,
        -:   81:    WHITE
        -:   82:};
function _Z5coloriii called 4 returned 100% blocks executed 93%
        4:   83:const char *color(int font, int back =-1 , int style = -1){ // This is belong COLORS
        -:   84:    static char code[20];
        4:   85:    if(font >= 0)
        4:   85-block  0
branch  0 taken 2 (fallthrough)
branch  1 taken 2
        2:   86:        font+=30;
        2:   86-block  0
        -:   87:    else
        2:   88:        font =0;
        2:   88-block  0
        4:   89:    if (back>=0)
        4:   89-block  0
branch  0 taken 2 (fallthrough)
branch  1 taken 2
        2:   90:        back+=40;
        2:   90-block  0
        -:   91:    else
        2:   92:        back =0;
        2:   92-block  0
        4:   93:    if(back > 0 && style > 0){
        4:   93-block  0
branch  0 taken 2 (fallthrough)
branch  1 taken 2
        2:   93-block  1
branch  2 taken 2 (fallthrough)
branch  3 taken 0
        2:   94:        sprintf(code, "\033[%d;%d;%dm", font, back, style);
        2:   94-block  0
call    0 returned 2
        2:   95:    } else if(back > 0){
        2:   95-block  0
branch  0 taken 0 (fallthrough)
branch  1 taken 2
    #####:   96:        sprintf(code, "\033[%d;%dm", font, back);
    %%%%%:   96-block  0
call    0 never executed
        -:   97:    } else {
        2:   98:        sprintf(code, "\033[%dm", font);
        2:   98-block  0
call    0 returned 2
        -:   99:    }
        4:  100:    return code;
        4:  100-block  0
        -:  101:}
        -:  102:/*****************Fixing Errors*****************|*/
        -:  103:void LQ_SA();
        -:  104:void LQ_HIS_CUR_A();
        -:  105:void LQ_HIS_CUR_S();
        -:  106:/*****************OPERATION FUNCTIONS*****************|*/
function _Z10welcomeMSGv called 1 returned 0% blocks executed 96%
        1:  107:__attribute__((unused)) void welcomeMSG() //Welcome Function
        -:  108:{
        1:  109:    AVT();
        1:  109-block  0
call    0 returned 1
        1:  110:    cout << endl << endl;
call    0 returned 1
call    1 returned 1
        -:  111:    cout << setw(50)
        -:  112:         << color(GREEN , BLACK, 5 )
        -:  113:         << "Welcome to 360Soccer"
        1:  114:         << color(NC)
call    0 returned 1
call    1 returned 1
call    2 returned 1
call    3 returned 1
call    4 returned 1
call    5 returned 1
call    6 returned 1
        1:  115:         << endl;
call    0 returned 1
        -:  116:    cout
        -:  117:            << color(BLACK, WHITE, 2)
        -:  118:            << setw(100)
        -:  119:            << "THIS PROGRAM PROVIDE TO YOU THE ABILITY TO KNOW EVERY THING ABOUT MBS PRO. LEAGUE."
        1:  120:            << color(NC)
call    0 returned 1
call    1 returned 1
call    2 returned 1
call    3 returned 1
call    4 returned 1
call    5 returned 1
call    6 returned 1
        1:  121:            << endl
call    0 returned 1
        1:  122:            << endl
call    0 returned 1
        1:  123:            << endl;
call    0 returned 1
        1:  124:    system("pause"); // system("pause") to freeze the screen
call    0 returned 0
    #####:  125:    PL_CL();
call    0 never executed
    #####:  126:}
        -:  127:
function _Z5PL_CLv called 0 returned 0% blocks executed 0%
    #####:  128:void PL_CL()
        -:  129:{
    #####:  130:    system("cls"); // system("cls") to clean the screen
    %%%%%:  130-block  0
call    0 never executed
branch  1 never executed
branch  2 never executed
    #####:  131:    AVT();
    %%%%%:  131-block  0
call    0 never executed
branch  1 never executed
branch  2 never executed
    #####:  132:    int i=0;
    #####:  133:    string cond;
    %%%%%:  133-block  0
call    0 never executed
        -:  134:
        -:  135:    cout
    #####:  136:            << endl
call    0 never executed
branch  1 never executed
branch  2 never executed
    #####:  137:            << endl
    %%%%%:  137-block  0
call    0 never executed
branch  1 never executed
branch  2 never executed
        -:  138:            << color(3, BLACK, 6)
        -:  139:            << setw(20)
        -:  140:            << "\t\t\t\t\t************************************************"
    #####:  141:            << color(NC)
    %%%%%:  141-block  0
call    0 never executed
call    1 never executed
branch  2 never executed
branch  3 never executed
    %%%%%:  141-block  1
call    4 never executed
call    5 never executed
branch  6 never executed
branch  7 never executed
    %%%%%:  141-block  2
call    8 never executed
branch  9 never executed
branch 10 never executed
    %%%%%:  141-block  3
call   11 never executed
call   12 never executed
branch 13 never executed
branch 14 never executed
    #####:  142:            <<endl;
    %%%%%:  142-block  0
call    0 never executed
branch  1 never executed
branch  2 never executed
        -:  143:
    #####:  144:    while(i<2){
    %%%%%:  144-block  0
    %%%%%:  144-block  1
branch  0 never executed
branch  1 never executed
        -:  145:        cout
        -:  146:                << color(3, BLACK, 6)
        -:  147:                << "\t\t\t\t\t*"
        -:  148:                << setw(20)
        -:  149:                << "\t*"
        -:  150:                << color(NC)
        -:  151:                << color(3, BLACK, 6)
    #####:  152:                << setw(24)
    %%%%%:  152-block  0
call    0 never executed
call    1 never executed
branch  2 never executed
branch  3 never executed
    %%%%%:  152-block  1
call    4 never executed
branch  5 never executed
branch  6 never executed
    %%%%%:  152-block  2
call    7 never executed
call    8 never executed
branch  9 never executed
branch 10 never executed
    %%%%%:  152-block  3
call   11 never executed
branch 12 never executed
branch 13 never executed
    %%%%%:  152-block  4
call   14 never executed
call   15 never executed
branch 16 never executed
branch 17 never executed
    %%%%%:  152-block  5
call   18 never executed
call   19 never executed
branch 20 never executed
branch 21 never executed
    %%%%%:  152-block  6
call   22 never executed
call   23 never executed
branch 24 never executed
branch 25 never executed
    #####:  153:                << right
    %%%%%:  153-block  0
call    0 never executed
branch  1 never executed
branch  2 never executed
        -:  154:                << "* "
    #####:  155:                << color(NC)
    %%%%%:  155-block  0
call    0 never executed
branch  1 never executed
branch  2 never executed
    %%%%%:  155-block  1
call    3 never executed
call    4 never executed
branch  5 never executed
branch  6 never executed
    #####:  156:                << endl;
    %%%%%:  156-block  0
call    0 never executed
branch  1 never executed
branch  2 never executed
    #####:  157:        i++;
    %%%%%:  157-block  0
        -:  158:    }
        -:  159:    cout
        -:  160:            << setw(50)
        -:  161:            << color(3, BLACK, 6)
        -:  162:            << "*      "
        -:  163:            << color(NC)
        -:  164:            << setw(12)
        -:  165:            << color(YELLOW, BLACK, 1)
        -:  166:            << "Players"
        -:  167:            << color(NC)
        -:  168:            << color(3, BLACK,6)
        -:  169:            << "\t*"
        -:  170:            << color(NC)
        -:  171:            << color(YELLOW, BLACK, 1)
        -:  172:            << setw(16)
        -:  173:            << "Clubs Table"
        -:  174:            << color(NC)
        -:  175:            << color(3, BLACK, 6)
        -:  176:            << "      *"
    #####:  177:            << color(NC)
    %%%%%:  177-block  0
call    0 never executed
call    1 never executed
branch  2 never executed
branch  3 never executed
    %%%%%:  177-block  1
call    4 never executed
call    5 never executed
branch  6 never executed
branch  7 never executed
    %%%%%:  177-block  2
call    8 never executed
branch  9 never executed
branch 10 never executed
    %%%%%:  177-block  3
call   11 never executed
call   12 never executed
branch 13 never executed
branch 14 never executed
    %%%%%:  177-block  4
call   15 never executed
call   16 never executed
branch 17 never executed
branch 18 never executed
    %%%%%:  177-block  5
call   19 never executed
call   20 never executed
branch 21 never executed
branch 22 never executed
    %%%%%:  177-block  6
call   23 never executed
branch 24 never executed
branch 25 never executed
    %%%%%:  177-block  7
call   26 never executed
call   27 never executed
branch 28 never executed
branch 29 never executed
    %%%%%:  177-block  8
call   30 never executed
call   31 never executed
branch 32 never executed
branch 33 never executed
    %%%%%:  177-block  9
call   34 never executed
branch 35 never executed
branch 36 never executed
    %%%%%:  177-block 10
call   37 never executed
call   38 never executed
branch 39 never executed
branch 40 never executed
    %%%%%:  177-block 11
call   41 never executed
call   42 never executed
branch 43 never executed
branch 44 never executed
    %%%%%:  177-block 12
call   45 never executed
call   46 never executed
branch 47 never executed
branch 48 never executed
    %%%%%:  177-block 13
call   49 never executed
branch 50 never executed
branch 51 never executed
    %%%%%:  177-block 14
call   52 never executed
call   53 never executed
branch 54 never executed
branch 55 never executed
    %%%%%:  177-block 15
call   56 never executed
call   57 never executed
branch 58 never executed
branch 59 never executed
    %%%%%:  177-block 16
call   60 never executed
branch 61 never executed
branch 62 never executed
    %%%%%:  177-block 17
call   63 never executed
call   64 never executed
branch 65 never executed
branch 66 never executed
    #####:  178:            << endl;
    %%%%%:  178-block  0
call    0 never executed
branch  1 never executed
branch  2 never executed
    #####:  179:    i=0;
    #####:  180:    while(i<2){
    %%%%%:  180-block  0
    %%%%%:  180-block  1
branch  0 never executed
branch  1 never executed
        -:  181:        cout
        -:  182:                << color(3, BLACK, 6)
        -:  183:                << "\t\t\t\t\t*"
        -:  184:                << setw(20)
        -:  185:                << "\t*"
        -:  186:                << color(NC)
        -:  187:                << color(3, BLACK, 6)
    #####:  188:                << setw(24)
    %%%%%:  188-block  0
call    0 never executed
call    1 never executed
branch  2 never executed
branch  3 never executed
    %%%%%:  188-block  1
call    4 never executed
branch  5 never executed
branch  6 never executed
    %%%%%:  188-block  2
call    7 never executed
call    8 never executed
branch  9 never executed
branch 10 never executed
    %%%%%:  188-block  3
call   11 never executed
branch 12 never executed
branch 13 never executed
    %%%%%:  188-block  4
call   14 never executed
call   15 never executed
branch 16 never executed
branch 17 never executed
    %%%%%:  188-block  5
call   18 never executed
call   19 never executed
branch 20 never executed
branch 21 never executed
    %%%%%:  188-block  6
call   22 never executed
call   23 never executed
branch 24 never executed
branch 25 never executed
    #####:  189:                << right
    %%%%%:  189-block  0
call    0 never executed
branch  1 never executed
branch  2 never executed
        -:  190:                << "* "
    #####:  191:                << color(NC)
    %%%%%:  191-block  0
call    0 never executed
branch  1 never executed
branch  2 never executed
    %%%%%:  191-block  1
call    3 never executed
call    4 never executed
branch  5 never executed
branch  6 never executed
    #####:  192:                << endl;
    %%%%%:  192-block  0
call    0 never executed
branch  1 never executed
branch  2 never executed
    #####:  193:        i++;
    %%%%%:  193-block  0
        -:  194:    }
        -:  195:
        -:  196:    cout
        -:  197:            << color(3, BLACK, 6)
        -:  198:            << setw(20)
        -:  199:            << "\t\t\t\t\t************************************************"
    #####:  200:            << color(NC)
    %%%%%:  200-block  0
call    0 never executed
call    1 never executed
branch  2 never executed
branch  3 never executed
    %%%%%:  200-block  1
call    4 never executed
call    5 never executed
branch  6 never executed
branch  7 never executed
    %%%%%:  200-block  2
call    8 never executed
branch  9 never executed
branch 10 never executed
    %%%%%:  200-block  3
call   11 never executed
call   12 never executed
branch 13 never executed
branch 14 never executed
    #####:  201:            <<endl;
    %%%%%:  201-block  0
call    0 never executed
branch  1 never executed
branch  2 never executed
        -:  202:
        -:  203:    cout
    #####:  204:            << endl
    %%%%%:  204-block  0
call    0 never executed
branch  1 never executed
branch  2 never executed
        -:  205:            << color(RED, BLACK, 3)
        -:  206:            << R"(Do you want to go to "Players" OR "CLUBS TABLE"? )"
    #####:  207:            << color(NC)
    %%%%%:  207-block  0
call    0 never executed
call    1 never executed
branch  2 never executed
branch  3 never executed
    %%%%%:  207-block  1
call    4 never executed
branch  5 never executed
branch  6 never executed
    %%%%%:  207-block  2
call    7 never executed
call    8 never executed
branch  9 never executed
branch 10 never executed
    #####:  208:            << endl
    %%%%%:  208-block  0
call    0 never executed
branch  1 never executed
branch  2 never executed
        -:  209:            << color(GREEN, BLACK, 3)
        -:  210:            << R"(Type 'Players' to go to "Players Table" ; Type 'CLUBS' to go to "CLUBS TABLE": )"
    #####:  211:            << color(NC);
    %%%%%:  211-block  0
call    0 never executed
call    1 never executed
branch  2 never executed
branch  3 never executed
    %%%%%:  211-block  1
call    4 never executed
branch  5 never executed
branch  6 never executed
    %%%%%:  211-block  2
call    7 never executed
call    8 never executed
branch  9 never executed
branch 10 never executed
    #####:  212:    getline(cin, cond);
    %%%%%:  212-block  0
call    0 never executed
branch  1 never executed
branch  2 never executed
    #####:  213:    i=1;
    #####:  214:    while(i)
    %%%%%:  214-block  0
    %%%%%:  214-block  1
branch  0 never executed
branch  1 never executed
        -:  215:    {
    #####:  216:        if(cond == "PLAYERS" || cond == "players" || cond == "Players" || cond == "PLAYER" || cond == "player" || cond == "Player") {
    %%%%%:  216-block  0
call    0 never executed
branch  1 never executed
branch  2 never executed
    %%%%%:  216-block  1
call    3 never executed
branch  4 never executed
branch  5 never executed
    %%%%%:  216-block  2
call    6 never executed
branch  7 never executed
branch  8 never executed
    %%%%%:  216-block  3
call    9 never executed
branch 10 never executed
branch 11 never executed
    %%%%%:  216-block  4
call   12 never executed
branch 13 never executed
branch 14 never executed
    %%%%%:  216-block  5
call   15 never executed
branch 16 never executed
branch 17 never executed
    %%%%%:  216-block  6
    %%%%%:  216-block  7
    %%%%%:  216-block  8
branch 18 never executed
branch 19 never executed
    #####:  217:            system("cls");
    %%%%%:  217-block  0
call    0 never executed
branch  1 never executed
branch  2 never executed
    #####:  218:            SCORER_ASSIST();
    %%%%%:  218-block  0
call    0 never executed
branch  1 never executed
branch  2 never executed
    #####:  219:            i=0;
    #####:  220:            break;
    %%%%%:  220-block  0
        -:  221:        }
    #####:  222:        else if(cond == "CLUBS" || cond == "clubs" || cond == "Clubs" || cond == "CLUB" || cond == "club" || cond == "Club"){
    %%%%%:  222-block  0
call    0 never executed
branch  1 never executed
branch  2 never executed
    %%%%%:  222-block  1
call    3 never executed
branch  4 never executed
branch  5 never executed
    %%%%%:  222-block  2
call    6 never executed
branch  7 never executed
branch  8 never executed
    %%%%%:  222-block  3
call    9 never executed
branch 10 never executed
branch 11 never executed
    %%%%%:  222-block  4
call   12 never executed
branch 13 never executed
branch 14 never executed
    %%%%%:  222-block  5
call   15 never executed
branch 16 never executed
branch 17 never executed
    %%%%%:  222-block  6
    %%%%%:  222-block  7
    %%%%%:  222-block  8
branch 18 never executed
branch 19 never executed
    #####:  223:            system("cls");
    %%%%%:  223-block  0
call    0 never executed
branch  1 never executed
branch  2 never executed
    #####:  224:            Club_Table();
    %%%%%:  224-block  0
call    0 never executed
branch  1 never executed
branch  2 never executed
    #####:  225:            i=0;
    #####:  226:            break;
    %%%%%:  226-block  0
        -:  227:        }
        -:  228:        else
        -:  229:        {
        -:  230:            cout
    #####:  231:                    << endl
    %%%%%:  231-block  0
call    0 never executed
branch  1 never executed
branch  2 never executed
    #####:  232:                    << "You wrote something else, Please enter 'PLAYERS' or 'CLUBS': ";
    %%%%%:  232-block  0
call    0 never executed
branch  1 never executed
branch  2 never executed
    #####:  233:            getline(cin, cond);
    %%%%%:  233-block  0
call    0 never executed
branch  1 never executed
branch  2 never executed
        -:  234:        }
        -:  235:    }
    #####:  236:}
    %%%%%:  236-block  0
call    0 never executed
    $$$$$:  236-block  1
call    1 never executed
        -:  237:
function _Z10Club_Tablev called 0 returned 0% blocks executed 0%
    #####:  238:void Club_Table() // here we add all MBS PRO LEAGUE Clubs' names to array using Clubs_Table Class
        -:  239:{
    #####:  240:    AVT(); // color function
    %%%%%:  240-block  0
call    0 never executed
branch  1 never executed
branch  2 never executed
        -:  241:    int TP_Number;
    #####:  242:    string condition;
    %%%%%:  242-block  0
call    0 never executed
        -:  243:    int i;
        -:  244:    Clubs_Table ClubsArray[] = { // Declare Clubs names with their numbers
        -:  245:            Clubs_Table("AL ITTIHAD", 1),
        -:  246:            Clubs_Table("AL HILAL", 2),
        -:  247:            Clubs_Table("AL NASSR", 3),
        -:  248:            Clubs_Table("AL SHABAB", 4),
        -:  249:            Clubs_Table("DAMAK", 5),
        -:  250:            Clubs_Table("ABHA", 6),
        -:  251:            Clubs_Table("AL FATEH", 7),
        -:  252:            Clubs_Table("AL FAYHA", 8),
        -:  253:            Clubs_Table("AL RAED", 9),
        -:  254:            Clubs_Table("AL AHLI", 10),
        -:  255:            Clubs_Table("AL FAISALY", 11),
        -:  256:            Clubs_Table("AL TAI", 12),
        -:  257:            Clubs_Table("AL TAAWOUN", 13),
        -:  258:            Clubs_Table("AL BATIN", 14),
        -:  259:            Clubs_Table("AL ETTIFAQ", 15),
        -:  260:            Clubs_Table("AL HAZEM", 16)
        -:  261:
    #####:  262:    };
call    0 never executed
call    1 never executed
branch  2 never executed
branch  3 never executed
    %%%%%:  262-block  0
call    4 never executed
call    5 never executed
call    6 never executed
call    7 never executed
call    8 never executed
branch  9 never executed
branch 10 never executed
    %%%%%:  262-block  1
call   11 never executed
call   12 never executed
call   13 never executed
call   14 never executed
call   15 never executed
branch 16 never executed
branch 17 never executed
    %%%%%:  262-block  2
call   18 never executed
call   19 never executed
call   20 never executed
call   21 never executed
call   22 never executed
branch 23 never executed
branch 24 never executed
    %%%%%:  262-block  3
call   25 never executed
call   26 never executed
call   27 never executed
call   28 never executed
call   29 never executed
branch 30 never executed
branch 31 never executed
    %%%%%:  262-block  4
call   32 never executed
call   33 never executed
call   34 never executed
call   35 never executed
call   36 never executed
branch 37 never executed
branch 38 never executed
    %%%%%:  262-block  5
call   39 never executed
call   40 never executed
call   41 never executed
call   42 never executed
call   43 never executed
branch 44 never executed
branch 45 never executed
    %%%%%:  262-block  6
call   46 never executed
call   47 never executed
call   48 never executed
call   49 never executed
call   50 never executed
branch 51 never executed
branch 52 never executed
    %%%%%:  262-block  7
call   53 never executed
call   54 never executed
call   55 never executed
call   56 never executed
call   57 never executed
branch 58 never executed
branch 59 never executed
    %%%%%:  262-block  8
call   60 never executed
call   61 never executed
call   62 never executed
call   63 never executed
call   64 never executed
branch 65 never executed
branch 66 never executed
    %%%%%:  262-block  9
call   67 never executed
call   68 never executed
call   69 never executed
call   70 never executed
call   71 never executed
branch 72 never executed
branch 73 never executed
    %%%%%:  262-block 10
call   74 never executed
call   75 never executed
call   76 never executed
call   77 never executed
call   78 never executed
branch 79 never executed
branch 80 never executed
    %%%%%:  262-block 11
call   81 never executed
call   82 never executed
call   83 never executed
call   84 never executed
call   85 never executed
branch 86 never executed
branch 87 never executed
    %%%%%:  262-block 12
call   88 never executed
call   89 never executed
call   90 never executed
call   91 never executed
call   92 never executed
branch 93 never executed
branch 94 never executed
    %%%%%:  262-block 13
call   95 never executed
call   96 never executed
call   97 never executed
call   98 never executed
call   99 never executed
branch 100 never executed
branch 101 never executed
    %%%%%:  262-block 14
call   102 never executed
call   103 never executed
call   104 never executed
call   105 never executed
call   106 never executed
branch 107 never executed
branch 108 never executed
    %%%%%:  262-block 15
call   109 never executed
call   110 never executed
call   111 never executed
    %%%%%:  262-block 16
    %%%%%:  262-block 17
call   112 never executed
    $$$$$:  262-block 18
call   113 never executed
    $$$$$:  262-block 19
    $$$$$:  262-block 20
call   114 never executed
    $$$$$:  262-block 21
    $$$$$:  262-block 22
call   115 never executed
    $$$$$:  262-block 23
    $$$$$:  262-block 24
call   116 never executed
    $$$$$:  262-block 25
    $$$$$:  262-block 26
call   117 never executed
    $$$$$:  262-block 27
    $$$$$:  262-block 28
call   118 never executed
    $$$$$:  262-block 29
    $$$$$:  262-block 30
call   119 never executed
    $$$$$:  262-block 31
    $$$$$:  262-block 32
call   120 never executed
    $$$$$:  262-block 33
    $$$$$:  262-block 34
call   121 never executed
    $$$$$:  262-block 35
    $$$$$:  262-block 36
call   122 never executed
    $$$$$:  262-block 37
    $$$$$:  262-block 38
call   123 never executed
    $$$$$:  262-block 39
    $$$$$:  262-block 40
call   124 never executed
    $$$$$:  262-block 41
    $$$$$:  262-block 42
call   125 never executed
    $$$$$:  262-block 43
    $$$$$:  262-block 44
call   126 never executed
    $$$$$:  262-block 45
    $$$$$:  262-block 46
call   127 never executed
    $$$$$:  262-block 47
    $$$$$:  262-block 48
call   128 never executed
    $$$$$:  262-block 49
    $$$$$:  262-block 50
    $$$$$:  262-block 51
call   129 never executed
    $$$$$:  262-block 52
    $$$$$:  262-block 53
call   130 never executed
        -:  263:
        -:  264:    //Print clubs' table header
        -:  265:    cout
    #####:  266:            << endl
call    0 never executed
branch  1 never executed
branch  2 never executed
    #####:  267:            << endl
    %%%%%:  267-block  0
call    0 never executed
branch  1 never executed
branch  2 never executed
        -:  268:            << color(3, BLACK, 6)
        -:  269:            << setw(20)
        -:  270:            << "\t\t\t\t\t*********************************"
    #####:  271:            << color(NC)
    %%%%%:  271-block  0
call    0 never executed
call    1 never executed
branch  2 never executed
branch  3 never executed
    %%%%%:  271-block  1
call    4 never executed
call    5 never executed
branch  6 never executed
branch  7 never executed
    %%%%%:  271-block  2
call    8 never executed
branch  9 never executed
branch 10 never executed
    %%%%%:  271-block  3
call   11 never executed
call   12 never executed
branch 13 never executed
branch 14 never executed
    #####:  272:            <<endl;
    %%%%%:  272-block  0
call    0 never executed
branch  1 never executed
branch  2 never executed
        -:  273:    cout
    #####:  274:            << color(3, BLACK, 6)
    %%%%%:  274-block  0
call    0 never executed
call    1 never executed
branch  2 never executed
branch  3 never executed
    #####:  275:            << left
    %%%%%:  275-block  0
call    0 never executed
branch  1 never executed
branch  2 never executed
        -:  276:            << "\t\t\t\t\t* "
        -:  277:            << color(NC)
        -:  278:            << setw(10)
        -:  279:            << color(6, BLACK, 3)
    #####:  280:            << "Club Name"
    %%%%%:  280-block  0
call    0 never executed
branch  1 never executed
branch  2 never executed
    %%%%%:  280-block  1
call    3 never executed
call    4 never executed
branch  5 never executed
branch  6 never executed
    %%%%%:  280-block  2
call    7 never executed
call    8 never executed
branch  9 never executed
branch 10 never executed
    %%%%%:  280-block  3
call   11 never executed
call   12 never executed
branch 13 never executed
branch 14 never executed
    %%%%%:  280-block  4
call   15 never executed
branch 16 never executed
branch 17 never executed
    #####:  281:            << right
    %%%%%:  281-block  0
call    0 never executed
branch  1 never executed
branch  2 never executed
        -:  282:            << setw(20)
        -:  283:            << "Club Number"
        -:  284:            << color(NC)
    #####:  285:            << color(3, BLACK, 6)
    %%%%%:  285-block  0
call    0 never executed
call    1 never executed
branch  2 never executed
branch  3 never executed
    %%%%%:  285-block  1
call    4 never executed
branch  5 never executed
branch  6 never executed
    %%%%%:  285-block  2
call    7 never executed
call    8 never executed
branch  9 never executed
branch 10 never executed
    %%%%%:  285-block  3
call   11 never executed
call   12 never executed
branch 13 never executed
branch 14 never executed
    #####:  286:            << right
    %%%%%:  286-block  0
call    0 never executed
branch  1 never executed
branch  2 never executed
        -:  287:            << " *"
    #####:  288:            << color(NC)
    %%%%%:  288-block  0
call    0 never executed
branch  1 never executed
branch  2 never executed
    %%%%%:  288-block  1
call    3 never executed
call    4 never executed
branch  5 never executed
branch  6 never executed
    #####:  289:            << endl;
    %%%%%:  289-block  0
call    0 never executed
branch  1 never executed
branch  2 never executed
        -:  290:
        -:  291:    //Print clubs into the table
    #####:  292:    for(i=0; i<16;i++)
    %%%%%:  292-block  0
    %%%%%:  292-block  1
    %%%%%:  292-block  2
branch  0 never executed
branch  1 never executed
        -:  293:    {
        -:  294:        cout
    #####:  295:                << color(3, BLACK, 6)
    %%%%%:  295-block  0
call    0 never executed
call    1 never executed
branch  2 never executed
branch  3 never executed
    #####:  296:                << left
    %%%%%:  296-block  0
call    0 never executed
branch  1 never executed
branch  2 never executed
        -:  297:                << "\t\t\t\t\t* "
        -:  298:                << color(NC)
        -:  299:                << color(YELLOW, BLACK, 1)
        -:  300:                << setw(22)
    #####:  301:                << ClubsArray[i].club // print club's name from array
    #####:  302:                << color(NC)
    %%%%%:  302-block  0
call    0 never executed
branch  1 never executed
branch  2 never executed
    %%%%%:  302-block  1
call    3 never executed
call    4 never executed
branch  5 never executed
branch  6 never executed
    %%%%%:  302-block  2
call    7 never executed
call    8 never executed
branch  9 never executed
branch 10 never executed
    %%%%%:  302-block  3
call   11 never executed
call   12 never executed
branch 13 never executed
branch 14 never executed
    %%%%%:  302-block  4
call   15 never executed
branch 16 never executed
branch 17 never executed
    %%%%%:  302-block  5
call   18 never executed
call   19 never executed
branch 20 never executed
branch 21 never executed
    #####:  303:                << left
    %%%%%:  303-block  0
call    0 never executed
branch  1 never executed
branch  2 never executed
    #####:  304:                << setw(8)
    %%%%%:  304-block  0
call    0 never executed
call    1 never executed
branch  2 never executed
branch  3 never executed
        -:  305:                << ClubsArray[i].number // print club's number from array
    #####:  306:                << color(3, BLACK, 6)
    %%%%%:  306-block  0
call    0 never executed
branch  1 never executed
branch  2 never executed
    %%%%%:  306-block  1
call    3 never executed
call    4 never executed
branch  5 never executed
branch  6 never executed
    #####:  307:                << left
    %%%%%:  307-block  0
call    0 never executed
branch  1 never executed
branch  2 never executed
        -:  308:                << "* "
    #####:  309:                << color(NC)
    %%%%%:  309-block  0
call    0 never executed
branch  1 never executed
branch  2 never executed
    %%%%%:  309-block  1
call    3 never executed
call    4 never executed
branch  5 never executed
branch  6 never executed
    #####:  310:                << endl;
    %%%%%:  310-block  0
call    0 never executed
branch  1 never executed
branch  2 never executed
        -:  311:    }
        -:  312:
        -:  313:    // Close the table
        -:  314:    cout
        -:  315:            << color(3, BLACK, 6)
        -:  316:            << "\t\t\t\t\t*********************************"
    #####:  317:            << color(NC)
    %%%%%:  317-block  0
call    0 never executed
call    1 never executed
branch  2 never executed
branch  3 never executed
    %%%%%:  317-block  1
call    4 never executed
branch  5 never executed
branch  6 never executed
    %%%%%:  317-block  2
call    7 never executed
call    8 never executed
branch  9 never executed
branch 10 never executed
    #####:  318:            <<endl;
    %%%%%:  318-block  0
call    0 never executed
branch  1 never executed
branch  2 never executed
        -:  319:
        -:  320:    cout
        -:  321:            << color(YELLOW, BLACK, 4)
        -:  322:            << "\n\n\t\tWelcome to Clubs' table."
    #####:  323:            << color(NC) << endl << endl
    %%%%%:  323-block  0
call    0 never executed
call    1 never executed
branch  2 never executed
branch  3 never executed
    %%%%%:  323-block  1
call    4 never executed
branch  5 never executed
branch  6 never executed
    %%%%%:  323-block  2
call    7 never executed
call    8 never executed
branch  9 never executed
branch 10 never executed
    %%%%%:  323-block  3
call   11 never executed
branch 12 never executed
branch 13 never executed
    %%%%%:  323-block  4
call   14 never executed
branch 15 never executed
branch 16 never executed
        -:  324:            << color(RED, BLACK, 1)
        -:  325:            << R"(Do you want "CONTINUE" OR go "BACK" to "Player and Club table"? )"
    #####:  326:            << color(NC)
    %%%%%:  326-block  0
call    0 never executed
call    1 never executed
branch  2 never executed
branch  3 never executed
    %%%%%:  326-block  1
call    4 never executed
branch  5 never executed
branch  6 never executed
    %%%%%:  326-block  2
call    7 never executed
call    8 never executed
branch  9 never executed
branch 10 never executed
    #####:  327:            << endl
    %%%%%:  327-block  0
call    0 never executed
branch  1 never executed
branch  2 never executed
        -:  328:            << color(GREEN, BLACK, 1)
        -:  329:            << R"(Type 'CONTINUE' to "continue here" ; Type 'BACK' to go back to "Previous Page": )"
    #####:  330:            << color(NC);
    %%%%%:  330-block  0
call    0 never executed
call    1 never executed
branch  2 never executed
branch  3 never executed
    %%%%%:  330-block  1
call    4 never executed
branch  5 never executed
branch  6 never executed
    %%%%%:  330-block  2
call    7 never executed
call    8 never executed
branch  9 never executed
branch 10 never executed
    #####:  331:    getline(cin, condition);
    %%%%%:  331-block  0
call    0 never executed
branch  1 never executed
branch  2 never executed
        -:  332:
    #####:  333:    i=1;
    #####:  334:    while(i)
    %%%%%:  334-block  0
    %%%%%:  334-block  1
branch  0 never executed
branch  1 never executed
        -:  335:    {
    #####:  336:        if(condition.empty() == 0)
    %%%%%:  336-block  0
call    0 never executed
branch  1 never executed
branch  2 never executed
        -:  337:        {
    #####:  338:            if((condition == "CONTINUE" || condition == "continue" || condition == "Continue"))
    %%%%%:  338-block  0
call    0 never executed
branch  1 never executed
branch  2 never executed
    %%%%%:  338-block  1
call    3 never executed
branch  4 never executed
branch  5 never executed
    %%%%%:  338-block  2
call    6 never executed
branch  7 never executed
branch  8 never executed
    %%%%%:  338-block  3
    %%%%%:  338-block  4
    %%%%%:  338-block  5
branch  9 never executed
branch 10 never executed
        -:  339:            {
    #####:  340:                i=0;
    #####:  341:                break;
    %%%%%:  341-block  0
        -:  342:            }
    #####:  343:            else if((condition == "BACK" || condition == "back" || condition == "Back"))
    %%%%%:  343-block  0
call    0 never executed
branch  1 never executed
branch  2 never executed
    %%%%%:  343-block  1
call    3 never executed
branch  4 never executed
branch  5 never executed
    %%%%%:  343-block  2
call    6 never executed
branch  7 never executed
branch  8 never executed
    %%%%%:  343-block  3
    %%%%%:  343-block  4
    %%%%%:  343-block  5
branch  9 never executed
branch 10 never executed
        -:  344:            {
    #####:  345:                i=0;
    #####:  346:                system("cls");
    %%%%%:  346-block  0
call    0 never executed
branch  1 never executed
branch  2 never executed
    #####:  347:                PL_CL();
    %%%%%:  347-block  0
call    0 never executed
branch  1 never executed
branch  2 never executed
    #####:  348:                break;
    %%%%%:  348-block  0
        -:  349:            }
        -:  350:            else
        -:  351:            {
        -:  352:                cout
    #####:  353:                << endl
    %%%%%:  353-block  0
call    0 never executed
branch  1 never executed
branch  2 never executed
    #####:  354:                << "You wrote something else, Please enter 'CONTINUE' or 'BACK': ";
    %%%%%:  354-block  0
call    0 never executed
branch  1 never executed
branch  2 never executed
    #####:  355:                getline(cin, condition);
    %%%%%:  355-block  0
call    0 never executed
branch  1 never executed
branch  2 never executed
        -:  356:            }
        -:  357:        }
        -:  358:        else
        -:  359:        {
        -:  360:            cout
    #####:  361:            << endl
    %%%%%:  361-block  0
call    0 never executed
branch  1 never executed
branch  2 never executed
    #####:  362:            << "You wrote something else, Please enter 'CONTINUE' or 'BACK': ";
    %%%%%:  362-block  0
call    0 never executed
branch  1 never executed
branch  2 never executed
    #####:  363:            getline(cin, condition);
    %%%%%:  363-block  0
call    0 never executed
branch  1 never executed
branch  2 never executed
        -:  364:        }
        -:  365:    }
        -:  366:
        -:  367:    cout
    #####:  368:            << endl
    %%%%%:  368-block  0
call    0 never executed
branch  1 never executed
branch  2 never executed
        -:  369:            << color(RED, BLACK, 3)
        -:  370:            << "Do you want to search by number or by name? "
    #####:  371:            << color(NC)
    %%%%%:  371-block  0
call    0 never executed
call    1 never executed
branch  2 never executed
branch  3 never executed
    %%%%%:  371-block  1
call    4 never executed
branch  5 never executed
branch  6 never executed
    %%%%%:  371-block  2
call    7 never executed
call    8 never executed
branch  9 never executed
branch 10 never executed
    #####:  372:            << endl
    %%%%%:  372-block  0
call    0 never executed
branch  1 never executed
branch  2 never executed
        -:  373:            << color(GREEN, BLACK, 3)
        -:  374:            << "Type 'name' to search by name; Type 'number' to search by number: "
    #####:  375:            << color(NC);
    %%%%%:  375-block  0
call    0 never executed
call    1 never executed
branch  2 never executed
branch  3 never executed
    %%%%%:  375-block  1
call    4 never executed
branch  5 never executed
branch  6 never executed
    %%%%%:  375-block  2
call    7 never executed
call    8 never executed
branch  9 never executed
branch 10 never executed
    #####:  376:    getline(cin, condition); // Number or Name
    %%%%%:  376-block  0
call    0 never executed
branch  1 never executed
branch  2 never executed
    #####:  377:    i=1;
    #####:  378:    while(i)
    %%%%%:  378-block  0
    %%%%%:  378-block  1
branch  0 never executed
branch  1 never executed
        -:  379:    {
    #####:  380:        if(condition.empty() == 1 || condition == " ") { // Check whether the user input is empty or just a space
    %%%%%:  380-block  0
call    0 never executed
branch  1 never executed
branch  2 never executed
    %%%%%:  380-block  1
call    3 never executed
branch  4 never executed
branch  5 never executed
    %%%%%:  380-block  2
    %%%%%:  380-block  3
    %%%%%:  380-block  4
branch  6 never executed
branch  7 never executed
        -:  381:            cout
    #####:  382:                    << endl
    %%%%%:  382-block  0
call    0 never executed
branch  1 never executed
branch  2 never executed
    #####:  383:                    << "You did not choose please enter again: ";
    %%%%%:  383-block  0
call    0 never executed
branch  1 never executed
branch  2 never executed
    #####:  384:            getline(cin, condition);
    %%%%%:  384-block  0
call    0 never executed
branch  1 never executed
branch  2 never executed
        -:  385:        }
        -:  386:        else
    #####:  387:            i=0;
    %%%%%:  387-block  0
        -:  388:    }
        -:  389:
    #####:  390:    i=1;
    #####:  391:    while(i)
    %%%%%:  391-block  0
    %%%%%:  391-block  1
branch  0 never executed
branch  1 never executed
        -:  392:    {
    #####:  393:        if(condition == "NAME" || condition == "name" || condition == "Name") // check if the choice is a name
    %%%%%:  393-block  0
call    0 never executed
branch  1 never executed
branch  2 never executed
    %%%%%:  393-block  1
call    3 never executed
branch  4 never executed
branch  5 never executed
    %%%%%:  393-block  2
call    6 never executed
branch  7 never executed
branch  8 never executed
    %%%%%:  393-block  3
    %%%%%:  393-block  4
    %%%%%:  393-block  5
branch  9 never executed
branch 10 never executed
        -:  394:        {
        -:  395:            cout
    #####:  396:                    << endl
    %%%%%:  396-block  0
call    0 never executed
branch  1 never executed
branch  2 never executed
        -:  397:                    << color(6, BLACK, 4)
        -:  398:                    << "Choose your club's name: "
    #####:  399:                    << color(NC);
    %%%%%:  399-block  0
call    0 never executed
call    1 never executed
branch  2 never executed
branch  3 never executed
    %%%%%:  399-block  1
call    4 never executed
branch  5 never executed
branch  6 never executed
    %%%%%:  399-block  2
call    7 never executed
call    8 never executed
branch  9 never executed
branch 10 never executed
    #####:  400:            i=0;
    #####:  401:            SearchByName(); // call search by name function
    %%%%%:  401-block  0
call    0 never executed
branch  1 never executed
branch  2 never executed
        -:  402:        }
    #####:  403:        else if(condition == "NUMBER" || condition == "number" || condition == "Number"){ // check if the choice is a number
    %%%%%:  403-block  0
call    0 never executed
branch  1 never executed
branch  2 never executed
    %%%%%:  403-block  1
call    3 never executed
branch  4 never executed
branch  5 never executed
    %%%%%:  403-block  2
call    6 never executed
branch  7 never executed
branch  8 never executed
    %%%%%:  403-block  3
    %%%%%:  403-block  4
    %%%%%:  403-block  5
branch  9 never executed
branch 10 never executed
        -:  404:            cout
    #####:  405:                    << endl
    %%%%%:  405-block  0
call    0 never executed
branch  1 never executed
branch  2 never executed
        -:  406:                    << color(6, BLACK, 4)
        -:  407:                    << "Choose your club's number: "
    #####:  408:                    << color(NC);
    %%%%%:  408-block  0
call    0 never executed
call    1 never executed
branch  2 never executed
branch  3 never executed
    %%%%%:  408-block  1
call    4 never executed
branch  5 never executed
branch  6 never executed
    %%%%%:  408-block  2
call    7 never executed
call    8 never executed
branch  9 never executed
branch 10 never executed
    #####:  409:            while (i){
    %%%%%:  409-block  0
    %%%%%:  409-block  1
branch  0 never executed
branch  1 never executed
    #####:  410:                cin >> TP_Number;
    %%%%%:  410-block  0
call    0 never executed
branch  1 never executed
branch  2 never executed
    #####:  411:                cin.ignore();
    %%%%%:  411-block  0
call    0 never executed
branch  1 never executed
branch  2 never executed
    #####:  412:                switch (TP_Number) {
    %%%%%:  412-block  0
branch  0 never executed
branch  1 never executed
branch  2 never executed
branch  3 never executed
branch  4 never executed
branch  5 never executed
branch  6 never executed
branch  7 never executed
branch  8 never executed
branch  9 never executed
branch 10 never executed
branch 11 never executed
branch 12 never executed
branch 13 never executed
branch 14 never executed
branch 15 never executed
branch 16 never executed
    #####:  413:                    case 1:{
    #####:  414:                        i=0;
    #####:  415:                        break;
    %%%%%:  415-block  0
        -:  416:                    }
    #####:  417:                    case 2:{
    #####:  418:                        i=0;
    #####:  419:                        break;
    %%%%%:  419-block  0
        -:  420:                    }
    #####:  421:                    case 3:{
    #####:  422:                        i=0;
    #####:  423:                        break;
    %%%%%:  423-block  0
        -:  424:                    }
    #####:  425:                    case 4:{
    #####:  426:                        i=0;
    #####:  427:                        break;
    %%%%%:  427-block  0
        -:  428:                    }
    #####:  429:                    case 5:{
    #####:  430:                        i=0;
    #####:  431:                        break;
    %%%%%:  431-block  0
        -:  432:                    }
    #####:  433:                    case 6:{
    #####:  434:                        i=0;
    #####:  435:                        break;
    %%%%%:  435-block  0
        -:  436:                    }
    #####:  437:                    case 7:{
    #####:  438:                        i=0;
    #####:  439:                        break;
    %%%%%:  439-block  0
        -:  440:                    }
    #####:  441:                    case 8:{
    #####:  442:                        i=0;
    #####:  443:                        break;
    %%%%%:  443-block  0
        -:  444:                    }
    #####:  445:                    case 9:{
    #####:  446:                        i=0;
    #####:  447:                        break;
    %%%%%:  447-block  0
        -:  448:                    }
    #####:  449:                    case 10:{
    #####:  450:                        i=0;
    #####:  451:                        break;
    %%%%%:  451-block  0
        -:  452:                    }
    #####:  453:                    case 11:{
    #####:  454:                        i=0;
    #####:  455:                        break;
    %%%%%:  455-block  0
        -:  456:                    }
    #####:  457:                    case 12:{
    #####:  458:                        i=0;
    #####:  459:                        break;
    %%%%%:  459-block  0
        -:  460:                    }
    #####:  461:                    case 13:{
    #####:  462:                        i=0;
    #####:  463:                        break;
    %%%%%:  463-block  0
        -:  464:                    }
    #####:  465:                    case 14:{
    #####:  466:                        i=0;
    #####:  467:                        break;
    %%%%%:  467-block  0
        -:  468:                    }
    #####:  469:                    case 15:{
    #####:  470:                        i=0;
    #####:  471:                        break;
    %%%%%:  471-block  0
        -:  472:                    }
    #####:  473:                    case 16:{
    #####:  474:                        i=0;
    #####:  475:                        break;
    %%%%%:  475-block  0
        -:  476:                    }
    #####:  477:                    default:
        -:  478:                    {
        -:  479:                        cout
    #####:  480:                                << "Number is not belong to any club in the table."
    %%%%%:  480-block  0
call    0 never executed
branch  1 never executed
branch  2 never executed
    #####:  481:                                << endl
    %%%%%:  481-block  0
call    0 never executed
branch  1 never executed
branch  2 never executed
        -:  482:                                << color(6, BLACK, 4)
        -:  483:                                << "Choose your club's number: "
    #####:  484:                                << color(NC);
    %%%%%:  484-block  0
call    0 never executed
call    1 never executed
branch  2 never executed
branch  3 never executed
    %%%%%:  484-block  1
call    4 never executed
branch  5 never executed
branch  6 never executed
    %%%%%:  484-block  2
call    7 never executed
call    8 never executed
branch  9 never executed
branch 10 never executed
        -:  485:                    }
        -:  486:
        -:  487:                }
        -:  488:            }
        -:  489:        }
        -:  490:        else{ // check if the input is neither name nor number
        -:  491:            cout
    #####:  492:                    << endl
    %%%%%:  492-block  0
call    0 never executed
branch  1 never executed
branch  2 never executed
    #####:  493:                    << "You wrote something else, Please enter 'name' or 'number': ";
    %%%%%:  493-block  0
call    0 never executed
branch  1 never executed
branch  2 never executed
    #####:  494:            getline(cin, condition);
    %%%%%:  494-block  0
call    0 never executed
branch  1 never executed
branch  2 never executed
        -:  495:        }
        -:  496:    }
    #####:  497:}
    %%%%%:  497-block  0
branch  0 never executed
branch  1 never executed
    %%%%%:  497-block  1
call    2 never executed
    $$$$$:  497-block  2
branch  3 never executed
branch  4 never executed
    $$$$$:  497-block  3
call    5 never executed
        -:  498:
function _Z12SearchByNamev called 0 returned 0% blocks executed 0%
    #####:  499:void SearchByName()
        -:  500:{
    #####:  501:    AVT();
    %%%%%:  501-block  0
call    0 never executed
branch  1 never executed
branch  2 never executed
    #####:  502:    int i =0;
    #####:  503:    string TP_NAME;
    %%%%%:  503-block  0
call    0 never executed
    #####:  504:    getline(cin, TP_NAME);
call    0 never executed
branch  1 never executed
branch  2 never executed
    #####:  505:    string array[32];
    %%%%%:  505-block  0
    %%%%%:  505-block  1
call    0 never executed
    %%%%%:  505-block  2
branch  1 never executed
branch  2 never executed
    %%%%%:  505-block  3
call    3 never executed
    $$$$$:  505-block  4
    $$$$$:  505-block  5
call    4 never executed
        -:  506:
    #####:  507:    ifstream ClubsFile; // Declare variable to use fstream header file
    %%%%%:  507-block  0
call    0 never executed
branch  1 never executed
branch  2 never executed
    #####:  508:    ClubsFile.open(
    %%%%%:  508-block  0
call    0 never executed
branch  1 never executed
branch  2 never executed
        -:  509:            "C://ClubsName.txt"  // The path of the file which contain clubs names
        -:  510:    );
    #####:  511:    while(!ClubsFile.eof()) // loop won't end before execute all elements in the file
    %%%%%:  511-block  0
    %%%%%:  511-block  1
call    0 never executed
branch  1 never executed
branch  2 never executed
    %%%%%:  511-block  2
branch  3 never executed
branch  4 never executed
        -:  512:    {
    #####:  513:        getline(ClubsFile, array[i]); // get elements from the file and store them in array
    %%%%%:  513-block  0
call    0 never executed
branch  1 never executed
branch  2 never executed
        -:  514:
    #####:  515:        if(TP_NAME != array[i])
    %%%%%:  515-block  0
call    0 never executed
branch  1 never executed
branch  2 never executed
        -:  516:        {
    #####:  517:            i++;
    %%%%%:  517-block  0
        -:  518:        }
        -:  519:        else
    #####:  520:            break;
    %%%%%:  520-block  0
        -:  521:    }
        -:  522:    /*****************CHECK THE INPUT HERE*****************|*/
        -:  523:
    #####:  524:    if(array[i] == "al ittihad" || array[i] == "AL ITTIHAD")
    %%%%%:  524-block  0
call    0 never executed
branch  1 never executed
branch  2 never executed
    %%%%%:  524-block  1
call    3 never executed
branch  4 never executed
branch  5 never executed
    %%%%%:  524-block  2
    %%%%%:  524-block  3
    %%%%%:  524-block  4
branch  6 never executed
branch  7 never executed
        -:  525:    {
    #####:  526:        system("cls");
    %%%%%:  526-block  0
call    0 never executed
branch  1 never executed
branch  2 never executed
    #####:  527:        cout << "Welcome to AL ITTIHAD" << endl;
    %%%%%:  527-block  0
call    0 never executed
branch  1 never executed
branch  2 never executed
    %%%%%:  527-block  1
call    3 never executed
branch  4 never executed
branch  5 never executed
        -:  528:    }
    #####:  529:    else if(array[i] == "al hilal" || array[i] == "AL HILAL")
    %%%%%:  529-block  0
call    0 never executed
branch  1 never executed
branch  2 never executed
    %%%%%:  529-block  1
call    3 never executed
branch  4 never executed
branch  5 never executed
    %%%%%:  529-block  2
    %%%%%:  529-block  3
    %%%%%:  529-block  4
branch  6 never executed
branch  7 never executed
        -:  530:    {
    #####:  531:        system("cls");
    %%%%%:  531-block  0
call    0 never executed
branch  1 never executed
branch  2 never executed
    #####:  532:        cout << "Welcome to AL HILAL" << endl;
    %%%%%:  532-block  0
call    0 never executed
branch  1 never executed
branch  2 never executed
    %%%%%:  532-block  1
call    3 never executed
branch  4 never executed
branch  5 never executed
        -:  533:    }
    #####:  534:    else if(array[i] == "AL NASSR" || array[i] == "al nassr")
    %%%%%:  534-block  0
call    0 never executed
branch  1 never executed
branch  2 never executed
    %%%%%:  534-block  1
call    3 never executed
branch  4 never executed
branch  5 never executed
    %%%%%:  534-block  2
    %%%%%:  534-block  3
    %%%%%:  534-block  4
branch  6 never executed
branch  7 never executed
        -:  535:    {
    #####:  536:        system("cls");
    %%%%%:  536-block  0
call    0 never executed
branch  1 never executed
branch  2 never executed
    #####:  537:        cout << "Welcome to AL NASSR" << endl;
    %%%%%:  537-block  0
call    0 never executed
branch  1 never executed
branch  2 never executed
    %%%%%:  537-block  1
call    3 never executed
branch  4 never executed
branch  5 never executed
        -:  538:    }
    #####:  539:    else if(array[i] == "AL SHABAB" || array[i] == "al shabab")
    %%%%%:  539-block  0
call    0 never executed
branch  1 never executed
branch  2 never executed
    %%%%%:  539-block  1
call    3 never executed
branch  4 never executed
branch  5 never executed
    %%%%%:  539-block  2
    %%%%%:  539-block  3
    %%%%%:  539-block  4
branch  6 never executed
branch  7 never executed
        -:  540:    {
    #####:  541:        system("cls");
    %%%%%:  541-block  0
call    0 never executed
branch  1 never executed
branch  2 never executed
    #####:  542:        cout << "Welcome to AL SHABAB" << endl;
    %%%%%:  542-block  0
call    0 never executed
branch  1 never executed
branch  2 never executed
    %%%%%:  542-block  1
call    3 never executed
branch  4 never executed
branch  5 never executed
        -:  543:    }
    #####:  544:    else if(array[i] == "DAMAK" || array[i] == "damak")
    %%%%%:  544-block  0
call    0 never executed
branch  1 never executed
branch  2 never executed
    %%%%%:  544-block  1
call    3 never executed
branch  4 never executed
branch  5 never executed
    %%%%%:  544-block  2
    %%%%%:  544-block  3
    %%%%%:  544-block  4
branch  6 never executed
branch  7 never executed
        -:  545:    {
    #####:  546:        system("cls");
    %%%%%:  546-block  0
call    0 never executed
branch  1 never executed
branch  2 never executed
    #####:  547:        cout << "Welcome to DAMAK" << endl;
    %%%%%:  547-block  0
call    0 never executed
branch  1 never executed
branch  2 never executed
    %%%%%:  547-block  1
call    3 never executed
branch  4 never executed
branch  5 never executed
        -:  548:    }
    #####:  549:    else if(array[i] == "ABHA" || array[i] == "abha")
    %%%%%:  549-block  0
call    0 never executed
branch  1 never executed
branch  2 never executed
    %%%%%:  549-block  1
call    3 never executed
branch  4 never executed
branch  5 never executed
    %%%%%:  549-block  2
    %%%%%:  549-block  3
    %%%%%:  549-block  4
branch  6 never executed
branch  7 never executed
        -:  550:    {
    #####:  551:        system("cls");
    %%%%%:  551-block  0
call    0 never executed
branch  1 never executed
branch  2 never executed
    #####:  552:        cout << "Welcome to ABHA" << endl;
    %%%%%:  552-block  0
call    0 never executed
branch  1 never executed
branch  2 never executed
    %%%%%:  552-block  1
call    3 never executed
branch  4 never executed
branch  5 never executed
        -:  553:    }
    #####:  554:    else if(array[i] == "AL FATEH" || array[i] == "al fateh")
    %%%%%:  554-block  0
call    0 never executed
branch  1 never executed
branch  2 never executed
    %%%%%:  554-block  1
call    3 never executed
branch  4 never executed
branch  5 never executed
    %%%%%:  554-block  2
    %%%%%:  554-block  3
    %%%%%:  554-block  4
branch  6 never executed
branch  7 never executed
        -:  555:    {
    #####:  556:        system("cls");
    %%%%%:  556-block  0
call    0 never executed
branch  1 never executed
branch  2 never executed
    #####:  557:        cout << "Welcome to AL FATEH" << endl;
    %%%%%:  557-block  0
call    0 never executed
branch  1 never executed
branch  2 never executed
    %%%%%:  557-block  1
call    3 never executed
branch  4 never executed
branch  5 never executed
        -:  558:    }
    #####:  559:    else if(array[i] == "AL FAYHA" || array[i] == "al fayha")
    %%%%%:  559-block  0
call    0 never executed
branch  1 never executed
branch  2 never executed
    %%%%%:  559-block  1
call    3 never executed
branch  4 never executed
branch  5 never executed
    %%%%%:  559-block  2
    %%%%%:  559-block  3
    %%%%%:  559-block  4
branch  6 never executed
branch  7 never executed
        -:  560:    {
    #####:  561:        system("cls");
    %%%%%:  561-block  0
call    0 never executed
branch  1 never executed
branch  2 never executed
    #####:  562:        cout << "Welcome to AL FAYHA" << endl;
    %%%%%:  562-block  0
call    0 never executed
branch  1 never executed
branch  2 never executed
    %%%%%:  562-block  1
call    3 never executed
branch  4 never executed
branch  5 never executed
        -:  563:    }
    #####:  564:    else if(array[i] == "AL RAED" || array[i] == "al raed")
    %%%%%:  564-block  0
call    0 never executed
branch  1 never executed
branch  2 never executed
    %%%%%:  564-block  1
call    3 never executed
branch  4 never executed
branch  5 never executed
    %%%%%:  564-block  2
    %%%%%:  564-block  3
    %%%%%:  564-block  4
branch  6 never executed
branch  7 never executed
        -:  565:    {
    #####:  566:        system("cls");
    %%%%%:  566-block  0
call    0 never executed
branch  1 never executed
branch  2 never executed
    #####:  567:        cout << "Welcome to AL RAED" << endl;
    %%%%%:  567-block  0
call    0 never executed
branch  1 never executed
branch  2 never executed
    %%%%%:  567-block  1
call    3 never executed
branch  4 never executed
branch  5 never executed
        -:  568:    }
    #####:  569:    else if(array[i] == "AL AHLI" || array[i] == "al ahli")
    %%%%%:  569-block  0
call    0 never executed
branch  1 never executed
branch  2 never executed
    %%%%%:  569-block  1
call    3 never executed
branch  4 never executed
branch  5 never executed
    %%%%%:  569-block  2
    %%%%%:  569-block  3
    %%%%%:  569-block  4
branch  6 never executed
branch  7 never executed
        -:  570:    {
    #####:  571:        system("cls");
    %%%%%:  571-block  0
call    0 never executed
branch  1 never executed
branch  2 never executed
    #####:  572:        cout << "Welcome to AL AHLI" << endl;
    %%%%%:  572-block  0
call    0 never executed
branch  1 never executed
branch  2 never executed
    %%%%%:  572-block  1
call    3 never executed
branch  4 never executed
branch  5 never executed
        -:  573:    }
    #####:  574:    else if(array[i] == "AL FAISALY" || array[i] == "al faisaly")
    %%%%%:  574-block  0
call    0 never executed
branch  1 never executed
branch  2 never executed
    %%%%%:  574-block  1
call    3 never executed
branch  4 never executed
branch  5 never executed
    %%%%%:  574-block  2
    %%%%%:  574-block  3
    %%%%%:  574-block  4
branch  6 never executed
branch  7 never executed
        -:  575:    {
    #####:  576:        system("cls");
    %%%%%:  576-block  0
call    0 never executed
branch  1 never executed
branch  2 never executed
    #####:  577:        cout << "Welcome to AL FAISALY" << endl;
    %%%%%:  577-block  0
call    0 never executed
branch  1 never executed
branch  2 never executed
    %%%%%:  577-block  1
call    3 never executed
branch  4 never executed
branch  5 never executed
        -:  578:    }
    #####:  579:    else if(array[i] == "AL TAI" || array[i] == "al tai")
    %%%%%:  579-block  0
call    0 never executed
branch  1 never executed
branch  2 never executed
    %%%%%:  579-block  1
call    3 never executed
branch  4 never executed
branch  5 never executed
    %%%%%:  579-block  2
    %%%%%:  579-block  3
    %%%%%:  579-block  4
branch  6 never executed
branch  7 never executed
        -:  580:    {
    #####:  581:        system("cls");
    %%%%%:  581-block  0
call    0 never executed
branch  1 never executed
branch  2 never executed
    #####:  582:        cout << "Welcome to AL TAI" << endl;
    %%%%%:  582-block  0
call    0 never executed
branch  1 never executed
branch  2 never executed
    %%%%%:  582-block  1
call    3 never executed
branch  4 never executed
branch  5 never executed
        -:  583:    }
    #####:  584:    else if(array[i] == "AL TAAWOUN" || array[i] == "al taawoun")
    %%%%%:  584-block  0
call    0 never executed
branch  1 never executed
branch  2 never executed
    %%%%%:  584-block  1
call    3 never executed
branch  4 never executed
branch  5 never executed
    %%%%%:  584-block  2
    %%%%%:  584-block  3
    %%%%%:  584-block  4
branch  6 never executed
branch  7 never executed
        -:  585:    {
    #####:  586:        system("cls");
    %%%%%:  586-block  0
call    0 never executed
branch  1 never executed
branch  2 never executed
    #####:  587:        cout << "Welcome to AL TAAWOUN" << endl;
    %%%%%:  587-block  0
call    0 never executed
branch  1 never executed
branch  2 never executed
    %%%%%:  587-block  1
call    3 never executed
branch  4 never executed
branch  5 never executed
        -:  588:    }
    #####:  589:    else if(array[i] == "AL BATIN" || array[i] == "al batin")
    %%%%%:  589-block  0
call    0 never executed
branch  1 never executed
branch  2 never executed
    %%%%%:  589-block  1
call    3 never executed
branch  4 never executed
branch  5 never executed
    %%%%%:  589-block  2
    %%%%%:  589-block  3
    %%%%%:  589-block  4
branch  6 never executed
branch  7 never executed
        -:  590:    {
    #####:  591:        system("cls");
    %%%%%:  591-block  0
call    0 never executed
branch  1 never executed
branch  2 never executed
    #####:  592:        cout << "Welcome to AL BATIN" << endl;
    %%%%%:  592-block  0
call    0 never executed
branch  1 never executed
branch  2 never executed
    %%%%%:  592-block  1
call    3 never executed
branch  4 never executed
branch  5 never executed
        -:  593:    }
    #####:  594:    else if(array[i] == "AL ETTIFAQ" || array[i] == "al ettifaq")
    %%%%%:  594-block  0
call    0 never executed
branch  1 never executed
branch  2 never executed
    %%%%%:  594-block  1
call    3 never executed
branch  4 never executed
branch  5 never executed
    %%%%%:  594-block  2
    %%%%%:  594-block  3
    %%%%%:  594-block  4
branch  6 never executed
branch  7 never executed
        -:  595:    {
    #####:  596:        system("cls");
    %%%%%:  596-block  0
call    0 never executed
branch  1 never executed
branch  2 never executed
    #####:  597:        cout << "Welcome to AL ETTIFAQ" << endl;
    %%%%%:  597-block  0
call    0 never executed
branch  1 never executed
branch  2 never executed
    %%%%%:  597-block  1
call    3 never executed
branch  4 never executed
branch  5 never executed
        -:  598:    }
    #####:  599:    else if(array[i] == "AL HAZEM" || array[i] == "al hazem")
    %%%%%:  599-block  0
call    0 never executed
branch  1 never executed
branch  2 never executed
    %%%%%:  599-block  1
call    3 never executed
branch  4 never executed
branch  5 never executed
    %%%%%:  599-block  2
    %%%%%:  599-block  3
    %%%%%:  599-block  4
branch  6 never executed
branch  7 never executed
        -:  600:    {
    #####:  601:        system("cls");
    %%%%%:  601-block  0
call    0 never executed
branch  1 never executed
branch  2 never executed
    #####:  602:        cout << "Welcome to AL HAZEM" << endl;
    %%%%%:  602-block  0
call    0 never executed
branch  1 never executed
branch  2 never executed
    %%%%%:  602-block  1
call    3 never executed
branch  4 never executed
branch  5 never executed
        -:  603:    }
        -:  604:    else
        -:  605:    {
        -:  606:        cout
    #####:  607:                << endl
    %%%%%:  607-block  0
call    0 never executed
branch  1 never executed
branch  2 never executed
        -:  608:                << color(RED, BLACK, 3)
        -:  609:                << "The club's name you entered is not in MBS PRO LEAGUE/ OR you didn't enter name: "
    #####:  610:                << color(NC);
    %%%%%:  610-block  0
call    0 never executed
call    1 never executed
branch  2 never executed
branch  3 never executed
    %%%%%:  610-block  1
call    4 never executed
branch  5 never executed
branch  6 never executed
    %%%%%:  610-block  2
call    7 never executed
call    8 never executed
branch  9 never executed
branch 10 never executed
    #####:  611:        SearchByName(); // if input does not match any element it will make the user try again
    %%%%%:  611-block  0
call    0 never executed
branch  1 never executed
branch  2 never executed
        -:  612:    }
    #####:  613:    ClubsFile.close(); // close the file
    %%%%%:  613-block  0
call    0 never executed
branch  1 never executed
branch  2 never executed
    #####:  614:} // here search by club's name function
    %%%%%:  614-block  0
call    0 never executed
    %%%%%:  614-block  1
branch  1 never executed
branch  2 never executed
    %%%%%:  614-block  2
call    3 never executed
    $$$$$:  614-block  3
call    4 never executed
    $$$$$:  614-block  4
branch  5 never executed
branch  6 never executed
    $$$$$:  614-block  5
call    7 never executed
        -:  615:
function _Z13SCORER_ASSISTv called 0 returned 0% blocks executed 0%
    #####:  616:void SCORER_ASSIST()
        -:  617:{
    #####:  618:    int i=0;
    #####:  619:    string move_TO, condition;
    %%%%%:  619-block  0
call    0 never executed
call    1 never executed
    #####:  620:    AVT();
call    0 never executed
branch  1 never executed
branch  2 never executed
        -:  621:
        -:  622:    cout
    #####:  623:            << endl << endl
    %%%%%:  623-block  0
call    0 never executed
branch  1 never executed
branch  2 never executed
    %%%%%:  623-block  1
call    3 never executed
branch  4 never executed
branch  5 never executed
    #####:  624:            << color(WHITE, BLACK, 3)
    %%%%%:  624-block  0
call    0 never executed
call    1 never executed
branch  2 never executed
branch  3 never executed
    #####:  625:            << right
    %%%%%:  625-block  0
call    0 never executed
branch  1 never executed
branch  2 never executed
        -:  626:            << setw(50)
        -:  627:            << "\t\tOOOOOOOOOOOOOOOOOOOOOOOOOOOOOOOOOOOOOOOOOOOOO"
    #####:  628:            << color(NC)
    %%%%%:  628-block  0
call    0 never executed
call    1 never executed
branch  2 never executed
branch  3 never executed
    %%%%%:  628-block  1
call    4 never executed
branch  5 never executed
branch  6 never executed
    %%%%%:  628-block  2
call    7 never executed
call    8 never executed
branch  9 never executed
branch 10 never executed
    #####:  629:            << endl;
    %%%%%:  629-block  0
call    0 never executed
branch  1 never executed
branch  2 never executed
        -:  630:
    #####:  631:    while(i < 1)
    %%%%%:  631-block  0
    %%%%%:  631-block  1
branch  0 never executed
branch  1 never executed
        -:  632:    {
        -:  633:        cout
    #####:  634:                << color(WHITE, BLACK, 3)
    %%%%%:  634-block  0
call    0 never executed
call    1 never executed
branch  2 never executed
branch  3 never executed
    #####:  635:                << left
    %%%%%:  635-block  0
call    0 never executed
branch  1 never executed
branch  2 never executed
        -:  636:                << "\t\tO "
        -:  637:                << color(NC)
        -:  638:                << color(BLUE, BLACK, 5)
        -:  639:                << setw(34)
    #####:  640:                << " SCORERS"
    %%%%%:  640-block  0
call    0 never executed
branch  1 never executed
branch  2 never executed
    %%%%%:  640-block  1
call    3 never executed
call    4 never executed
branch  5 never executed
branch  6 never executed
    %%%%%:  640-block  2
call    7 never executed
call    8 never executed
branch  9 never executed
branch 10 never executed
    %%%%%:  640-block  3
call   11 never executed
call   12 never executed
branch 13 never executed
branch 14 never executed
    %%%%%:  640-block  4
call   15 never executed
branch 16 never executed
branch 17 never executed
    #####:  641:                << left
    %%%%%:  641-block  0
call    0 never executed
branch  1 never executed
branch  2 never executed
        -:  642:                << setw(8)
        -:  643:                << "ASSIST "
        -:  644:                << color(NC)
    #####:  645:                << color(WHITE, BLACK, 3)
    %%%%%:  645-block  0
call    0 never executed
call    1 never executed
branch  2 never executed
branch  3 never executed
    %%%%%:  645-block  1
call    4 never executed
branch  5 never executed
branch  6 never executed
    %%%%%:  645-block  2
call    7 never executed
call    8 never executed
branch  9 never executed
branch 10 never executed
    %%%%%:  645-block  3
call   11 never executed
call   12 never executed
branch 13 never executed
branch 14 never executed
    #####:  646:                << left
    %%%%%:  646-block  0
call    0 never executed
branch  1 never executed
branch  2 never executed
        -:  647:                << "O "
    #####:  648:                << color(NC)
    %%%%%:  648-block  0
call    0 never executed
branch  1 never executed
branch  2 never executed
    %%%%%:  648-block  1
call    3 never executed
call    4 never executed
branch  5 never executed
branch  6 never executed
    #####:  649:                << endl;
    %%%%%:  649-block  0
call    0 never executed
branch  1 never executed
branch  2 never executed
    #####:  650:        i++;
    %%%%%:  650-block  0
        -:  651:    }
        -:  652:
        -:  653:    cout
    #####:  654:            << color(WHITE, BLACK, 3)
    %%%%%:  654-block  0
call    0 never executed
call    1 never executed
branch  2 never executed
branch  3 never executed
    #####:  655:            << right
    %%%%%:  655-block  0
call    0 never executed
branch  1 never executed
branch  2 never executed
        -:  656:            << setw(50)
        -:  657:            << "\t\tOOOOOOOOOOOOOOOOOOOOOOOOOOOOOOOOOOOOOOOOOOOOO"
    #####:  658:            << color(NC)
    %%%%%:  658-block  0
call    0 never executed
call    1 never executed
branch  2 never executed
branch  3 never executed
    %%%%%:  658-block  1
call    4 never executed
branch  5 never executed
branch  6 never executed
    %%%%%:  658-block  2
call    7 never executed
call    8 never executed
branch  9 never executed
branch 10 never executed
    #####:  659:            << endl;
    %%%%%:  659-block  0
call    0 never executed
branch  1 never executed
branch  2 never executed
        -:  660:    cout
        -:  661:            << color(YELLOW, BLACK, 4)
        -:  662:            << "\n\n\t\tWelcome to Scorer's and Assist's players table."
    #####:  663:            << color(NC) << endl << endl
    %%%%%:  663-block  0
call    0 never executed
call    1 never executed
branch  2 never executed
branch  3 never executed
    %%%%%:  663-block  1
call    4 never executed
branch  5 never executed
branch  6 never executed
    %%%%%:  663-block  2
call    7 never executed
call    8 never executed
branch  9 never executed
branch 10 never executed
    %%%%%:  663-block  3
call   11 never executed
branch 12 never executed
branch 13 never executed
    %%%%%:  663-block  4
call   14 never executed
branch 15 never executed
branch 16 never executed
        -:  664:            << color(RED, BLACK, 1)
[...]
branch  5 never executed
    %%%%%: 2707-block  2
call    6 never executed
branch  7 never executed
branch  8 never executed
    %%%%%: 2707-block  3
call    9 never executed
branch 10 never executed
branch 11 never executed
    %%%%%: 2707-block  4
call   12 never executed
branch 13 never executed
branch 14 never executed
    %%%%%: 2707-block  5
call   15 never executed
branch 16 never executed
branch 17 never executed
    %%%%%: 2707-block  6
    %%%%%: 2707-block  7
    %%%%%: 2707-block  8
branch 18 never executed
branch 19 never executed
        -: 2708:            {
    #####: 2709:                system("cls");
    %%%%%: 2709-block  0
call    0 never executed
branch  1 never executed
branch  2 never executed
        -: 2710:                cout
    #####: 2711:                        << endl << endl
    %%%%%: 2711-block  0
call    0 never executed
branch  1 never executed
branch  2 never executed
    %%%%%: 2711-block  1
call    3 never executed
branch  4 never executed
branch  5 never executed
        -: 2712:                        << color(CYAN, BLACK,1)
        -: 2713:                        << "Player's Name \t\t|\t\tPlayer's Club \t\t|\t\tPlayer's Country \t\t|\t\tGoals"
    #####: 2714:                        << color(NC)
    %%%%%: 2714-block  0
call    0 never executed
call    1 never executed
branch  2 never executed
branch  3 never executed
    %%%%%: 2714-block  1
call    4 never executed
branch  5 never executed
branch  6 never executed
    %%%%%: 2714-block  2
call    7 never executed
call    8 never executed
branch  9 never executed
branch 10 never executed
    #####: 2715:                        << endl
    %%%%%: 2715-block  0
call    0 never executed
branch  1 never executed
branch  2 never executed
        -: 2716:                        << color(WHITE, BLACK, 1)
        -: 2717:                        << "Fahad Alhamdan \t\t|\t\tAl-Riyad \t\t|\t\t    Saudi Arabia \t\t|\t\t  120"
    #####: 2718:                        << color(NC)
    %%%%%: 2718-block  0
call    0 never executed
call    1 never executed
branch  2 never executed
branch  3 never executed
    %%%%%: 2718-block  1
call    4 never executed
branch  5 never executed
branch  6 never executed
    %%%%%: 2718-block  2
call    7 never executed
call    8 never executed
branch  9 never executed
branch 10 never executed
    #####: 2719:                        << endl;
    %%%%%: 2719-block  0
call    0 never executed
branch  1 never executed
branch  2 never executed
        -: 2720:            }
    #####: 2721:            else if(HISNAMES[i] == "Yasser Alqahtani" || HISNAMES[i] == "yasser alqahtani" || HISNAMES[i] == "Yasser" || HISNAMES[i] == "yasser" || HISNAMES[i] == "Alqahtani" || HISNAMES[i] == "alqahtani")
    %%%%%: 2721-block  0
call    0 never executed
branch  1 never executed
branch  2 never executed
    %%%%%: 2721-block  1
call    3 never executed
branch  4 never executed
branch  5 never executed
    %%%%%: 2721-block  2
call    6 never executed
branch  7 never executed
branch  8 never executed
    %%%%%: 2721-block  3
call    9 never executed
branch 10 never executed
branch 11 never executed
    %%%%%: 2721-block  4
call   12 never executed
branch 13 never executed
branch 14 never executed
    %%%%%: 2721-block  5
call   15 never executed
branch 16 never executed
branch 17 never executed
    %%%%%: 2721-block  6
    %%%%%: 2721-block  7
    %%%%%: 2721-block  8
branch 18 never executed
branch 19 never executed
        -: 2722:            {
    #####: 2723:                system("cls");
    %%%%%: 2723-block  0
call    0 never executed
branch  1 never executed
branch  2 never executed
        -: 2724:                cout
    #####: 2725:                        << endl << endl
    %%%%%: 2725-block  0
call    0 never executed
branch  1 never executed
branch  2 never executed
    %%%%%: 2725-block  1
call    3 never executed
branch  4 never executed
branch  5 never executed
        -: 2726:                        << color(CYAN, BLACK,1)
        -: 2727:                        << "Player's Name \t\t|\t\tPlayer's Club \t\t\t\t|\t\tPlayer's Country \t\t|\t\tGoals"
    #####: 2728:                        << color(NC)
    %%%%%: 2728-block  0
call    0 never executed
call    1 never executed
branch  2 never executed
branch  3 never executed
    %%%%%: 2728-block  1
call    4 never executed
branch  5 never executed
branch  6 never executed
    %%%%%: 2728-block  2
call    7 never executed
call    8 never executed
branch  9 never executed
branch 10 never executed
    #####: 2729:                        << endl
    %%%%%: 2729-block  0
call    0 never executed
branch  1 never executed
branch  2 never executed
        -: 2730:                        << color(WHITE, BLACK, 1)
        -: 2731:                        << "Yasser Alqahtani \t|\t\t(Al-Qadisiya - Al-Hilal) \t\t|\t\t    Saudi Arabia \t\t|\t\t 112"
    #####: 2732:                        << color(NC)
    %%%%%: 2732-block  0
call    0 never executed
call    1 never executed
branch  2 never executed
branch  3 never executed
    %%%%%: 2732-block  1
call    4 never executed
branch  5 never executed
branch  6 never executed
    %%%%%: 2732-block  2
call    7 never executed
call    8 never executed
branch  9 never executed
branch 10 never executed
    #####: 2733:                        << endl;
    %%%%%: 2733-block  0
call    0 never executed
branch  1 never executed
branch  2 never executed
        -: 2734:            }
        -: 2735:            else
        -: 2736:            {
        -: 2737:                cout
    #####: 2738:                        << endl
    %%%%%: 2738-block  0
call    0 never executed
branch  1 never executed
branch  2 never executed
        -: 2739:                        << color(RED, BLACK, 3)
        -: 2740:                        << "The Scorer's name you entered is not in MBS PRO LEAGUE/ OR you didn't enter name: "
    #####: 2741:                        << color(NC);
    %%%%%: 2741-block  0
call    0 never executed
call    1 never executed
branch  2 never executed
branch  3 never executed
    %%%%%: 2741-block  1
call    4 never executed
branch  5 never executed
branch  6 never executed
    %%%%%: 2741-block  2
call    7 never executed
call    8 never executed
branch  9 never executed
branch 10 never executed
    #####: 2742:                HIS_SEARCH(); // if input does not match any element it will make the user try again
    %%%%%: 2742-block  0
call    0 never executed
branch  1 never executed
branch  2 never executed
        -: 2743:            }
        -: 2744:        }
        -: 2745:        else
        -: 2746:        {
        -: 2747:            cout
    #####: 2748:                    << endl
    %%%%%: 2748-block  0
call    0 never executed
branch  1 never executed
branch  2 never executed
        -: 2749:                    << color(RED, BLACK, 3)
        -: 2750:                    << "The Scorer's name you entered is not in MBS PRO LEAGUE/ OR you didn't enter name: "
    #####: 2751:                    << color(NC);
    %%%%%: 2751-block  0
call    0 never executed
call    1 never executed
branch  2 never executed
branch  3 never executed
    %%%%%: 2751-block  1
call    4 never executed
branch  5 never executed
branch  6 never executed
    %%%%%: 2751-block  2
call    7 never executed
call    8 never executed
branch  9 never executed
branch 10 never executed
    #####: 2752:            HIS_SEARCH(); // if input does not match any element it will make the user try again
    %%%%%: 2752-block  0
call    0 never executed
branch  1 never executed
branch  2 never executed
        -: 2753:        }
        -: 2754:    }
        -: 2755:    else
        -: 2756:    {
        -: 2757:        cout
    #####: 2758:                << endl
    %%%%%: 2758-block  0
call    0 never executed
branch  1 never executed
branch  2 never executed
        -: 2759:                << color(RED, BLACK, 3)
        -: 2760:                << "The Scorer's name you entered is not in MBS PRO LEAGUE/ OR you didn't enter name: "
    #####: 2761:                << color(NC);
    %%%%%: 2761-block  0
call    0 never executed
call    1 never executed
branch  2 never executed
branch  3 never executed
    %%%%%: 2761-block  1
call    4 never executed
branch  5 never executed
branch  6 never executed
    %%%%%: 2761-block  2
call    7 never executed
call    8 never executed
branch  9 never executed
branch 10 never executed
    #####: 2762:        HIS_SEARCH(); // if input does not match any element it will make the user try again
    %%%%%: 2762-block  0
call    0 never executed
branch  1 never executed
branch  2 never executed
        -: 2763:    }
    #####: 2764:    HISTORICALNames.close();
    %%%%%: 2764-block  0
call    0 never executed
branch  1 never executed
branch  2 never executed
    #####: 2765:} // here search by historical scorer's name
    %%%%%: 2765-block  0
call    0 never executed
call    1 never executed
    %%%%%: 2765-block  1
branch  2 never executed
branch  3 never executed
    %%%%%: 2765-block  2
    $$$$$: 2765-block  3
call    4 never executed
    $$$$$: 2765-block  4
call    5 never executed
    $$$$$: 2765-block  5
branch  6 never executed
branch  7 never executed
        -: 2766:
function _Z8ReturnF2NSt7__cxx1112basic_stringIcSt11char_traitsIcESaIcEEE called 0 returned 0% blocks executed 0%
    #####: 2767:void ReturnF2(string move1)
        -: 2768:{
    #####: 2769:    AVT();
    %%%%%: 2769-block  0
call    0 never executed
    #####: 2770:    bool flag = true;
    #####: 2771:    while(flag)
    %%%%%: 2771-block  0
branch  0 never executed
branch  1 never executed
        -: 2772:    {
    #####: 2773:        if(move1 == "Back" || move1 == "back" || move1 == "BACK"){
    %%%%%: 2773-block  0
call    0 never executed
branch  1 never executed
branch  2 never executed
    %%%%%: 2773-block  1
call    3 never executed
branch  4 never executed
branch  5 never executed
    %%%%%: 2773-block  2
call    6 never executed
branch  7 never executed
branch  8 never executed
    %%%%%: 2773-block  3
    %%%%%: 2773-block  4
    %%%%%: 2773-block  5
branch  9 never executed
branch 10 never executed
    #####: 2774:            system("cls");
    %%%%%: 2774-block  0
call    0 never executed
    #####: 2775:            HIS_CUR_S();
call    0 never executed
    #####: 2776:            flag = false;
        -: 2777:        }
    #####: 2778:        else if(move1 == "Resume" || move1 == "resume" || move1 == "RESUME"){
    %%%%%: 2778-block  0
call    0 never executed
branch  1 never executed
branch  2 never executed
    %%%%%: 2778-block  1
call    3 never executed
branch  4 never executed
branch  5 never executed
    %%%%%: 2778-block  2
call    6 never executed
branch  7 never executed
branch  8 never executed
    %%%%%: 2778-block  3
    %%%%%: 2778-block  4
    %%%%%: 2778-block  5
branch  9 never executed
branch 10 never executed
    #####: 2779:            system("cls");
    %%%%%: 2779-block  0
call    0 never executed
    #####: 2780:            HIS_SCORERS(); // to choose another player
call    0 never executed
    #####: 2781:            flag = false;
        -: 2782:        }
    #####: 2783:        else if(move1 == "End" || move1 == "end" || move1 == "END"){
    %%%%%: 2783-block  0
call    0 never executed
branch  1 never executed
branch  2 never executed
    %%%%%: 2783-block  1
call    3 never executed
branch  4 never executed
branch  5 never executed
    %%%%%: 2783-block  2
call    6 never executed
branch  7 never executed
branch  8 never executed
    %%%%%: 2783-block  3
    %%%%%: 2783-block  4
    %%%%%: 2783-block  5
branch  9 never executed
branch 10 never executed
    #####: 2784:            system("cls");
    %%%%%: 2784-block  0
call    0 never executed
    #####: 2785:            rate(); // rate function
call    0 never executed
    #####: 2786:            flag = false;
        -: 2787:        }
        -: 2788:        else
        -: 2789:        {
        -: 2790:            cout
    #####: 2791:                    << endl
    %%%%%: 2791-block  0
call    0 never executed
        -: 2792:                    << color(RED, BLACK, 2)
        -: 2793:                    << "You entered wrong word OR You did not enter anything.\n"
        -: 2794:                    << color(NC)
        -: 2795:                    << color(BLACK, YELLOW, 7)
        -: 2796:                    << "Please type here: "
    #####: 2797:                    << color(NC);
call    0 never executed
call    1 never executed
call    2 never executed
call    3 never executed
call    4 never executed
call    5 never executed
call    6 never executed
call    7 never executed
call    8 never executed
call    9 never executed
    #####: 2798:            getline(cin, move1);
call    0 never executed
        -: 2799:
        -: 2800:        }
        -: 2801:    }
    #####: 2802:} // return to scorers and assist table
        -: 2803:
function _Z4ratev called 0 returned 0% blocks executed 0%
    #####: 2804:void rate()
        -: 2805:{
        -: 2806:    int rate;
    #####: 2807:    AVT();
    %%%%%: 2807-block  0
call    0 never executed
branch  1 never executed
branch  2 never executed
        -: 2808:    cout
    #####: 2809:            << endl << endl
    %%%%%: 2809-block  0
call    0 never executed
branch  1 never executed
branch  2 never executed
    %%%%%: 2809-block  1
call    3 never executed
branch  4 never executed
branch  5 never executed
        -: 2810:            << color(YELLOW, BLACK, 1)
        -: 2811:            << "\t\t\t Thank you for using our program.\n"
        -: 2812:            << "\t\t\t We hope the program was useful for you.\n"
        -: 2813:            << color(NC)
        -: 2814:            << color(MAGENTA, BLACK, 1)
        -: 2815:            << "\nPlease rate our work from 10."
        -: 2816:            << color(NC)
        -: 2817:            << color(GREEN, BLACK, 1)
        -: 2818:            << "\n[10]. Excellent!\n[9]. Good Job!\n[8]. Great!\n[7]. Work Harder!\n[6]. Kill yourselves!\n"
    #####: 2819:            << color(NC) << endl
    %%%%%: 2819-block  0
call    0 never executed
call    1 never executed
branch  2 never executed
branch  3 never executed
    %%%%%: 2819-block  1
call    4 never executed
branch  5 never executed
branch  6 never executed
    %%%%%: 2819-block  2
call    7 never executed
branch  8 never executed
branch  9 never executed
    %%%%%: 2819-block  3
call   10 never executed
call   11 never executed
branch 12 never executed
branch 13 never executed
    %%%%%: 2819-block  4
call   14 never executed
call   15 never executed
branch 16 never executed
branch 17 never executed
    %%%%%: 2819-block  5
call   18 never executed
branch 19 never executed
branch 20 never executed
    %%%%%: 2819-block  6
call   21 never executed
call   22 never executed
branch 23 never executed
branch 24 never executed
    %%%%%: 2819-block  7
call   25 never executed
call   26 never executed
branch 27 never executed
branch 28 never executed
    %%%%%: 2819-block  8
call   29 never executed
branch 30 never executed
branch 31 never executed
    %%%%%: 2819-block  9
call   32 never executed
call   33 never executed
branch 34 never executed
branch 35 never executed
    %%%%%: 2819-block 10
call   36 never executed
branch 37 never executed
branch 38 never executed
        -: 2820:            << color(RED,BLACK,1)
        -: 2821:            << "Enter here please: "
    #####: 2822:            << color(NC);
    %%%%%: 2822-block  0
call    0 never executed
call    1 never executed
branch  2 never executed
branch  3 never executed
    %%%%%: 2822-block  1
call    4 never executed
branch  5 never executed
branch  6 never executed
    %%%%%: 2822-block  2
call    7 never executed
call    8 never executed
branch  9 never executed
branch 10 never executed
    #####: 2823:    cin >> rate;
    %%%%%: 2823-block  0
call    0 never executed
branch  1 never executed
branch  2 never executed
    #####: 2824:    Terminate_Program(rate);
    %%%%%: 2824-block  0
call    0 never executed
branch  1 never executed
branch  2 never executed
        -: 2825:    cout
        -: 2826:    << color(CYAN, BLACK,1)
        -: 2827:    << "\n\n\tThank you for rating our work!\n\n"
    #####: 2828:    << color(NC)
    %%%%%: 2828-block  0
call    0 never executed
call    1 never executed
branch  2 never executed
branch  3 never executed
    %%%%%: 2828-block  1
call    4 never executed
branch  5 never executed
branch  6 never executed
    %%%%%: 2828-block  2
call    7 never executed
call    8 never executed
branch  9 never executed
branch 10 never executed
    #####: 2829:    << endl
    %%%%%: 2829-block  0
call    0 never executed
branch  1 never executed
branch  2 never executed
        -: 2830:    << color(RED,BLACK,1)
        -: 2831:    << "\tWe hope you will reuse our program!\n\n"
        -: 2832:    << color(NC)
        -: 2833:    << color(GREEN,BLACK,1)
        -: 2834:    << "\n\n\t\t\tThis Program is done by:\n\t\t\tAbdullah Al Ahmad.\n\t\t\tAdam Almomtan.\n\t\t\tKhalid Alyami."
    #####: 2835:    << color(NC);
    %%%%%: 2835-block  0
call    0 never executed
call    1 never executed
branch  2 never executed
branch  3 never executed
    %%%%%: 2835-block  1
call    4 never executed
branch  5 never executed
branch  6 never executed
    %%%%%: 2835-block  2
call    7 never executed
call    8 never executed
branch  9 never executed
branch 10 never executed
    %%%%%: 2835-block  3
call   11 never executed
call   12 never executed
branch 13 never executed
branch 14 never executed
    %%%%%: 2835-block  4
call   15 never executed
branch 16 never executed
branch 17 never executed
    %%%%%: 2835-block  5
call   18 never executed
call   19 never executed
branch 20 never executed
branch 21 never executed
    #####: 2836:}
    %%%%%: 2836-block  0
        -: 2837:
function _Z17Terminate_Programi called 0 returned 0% blocks executed 0%
    #####: 2838:int Terminate_Program(int R){
    #####: 2839:    bool flag = true;
    #####: 2840:    while(flag){
    %%%%%: 2840-block  0
    %%%%%: 2840-block  1
branch  0 never executed
branch  1 never executed
    #####: 2841:        if(R>=0 && R<=10){
    %%%%%: 2841-block  0
branch  0 never executed
branch  1 never executed
    %%%%%: 2841-block  1
branch  2 never executed
branch  3 never executed
    #####: 2842:            flag = false;
    #####: 2843:            return 0;
    %%%%%: 2843-block  0
        -: 2844:        }
        -: 2845:        else
        -: 2846:        {
        -: 2847:            cout
        -: 2848:            << "\n[10]. Excellent!\n[9]. Good Job!\n[8]. Great!\n[7]. Work Harder!\n[6]. Kill yourselves!\n"
    #####: 2849:            << color(NC) << endl
    %%%%%: 2849-block  0
call    0 never executed
call    1 never executed
call    2 never executed
call    3 never executed
        -: 2850:            << color(RED,BLACK,1)
        -: 2851:            << "Enter again here please: "
    #####: 2852:            << color(NC);
call    0 never executed
call    1 never executed
call    2 never executed
call    3 never executed
call    4 never executed
    #####: 2853:            cin >> R;
call    0 never executed
        -: 2854:        }
        -: 2855:    }
    #####: 2856:}
    %%%%%: 2856-block  0
        -: 2857:#endif
